<?xml version="1.0" encoding="UTF-8"?>
<!-- Generated by org.testng.reporters.JUnitReportReporter -->
<testsuite hostname="LAPTOP-431553IG" failures="0" tests="3" name="comm.automation.demoproject.testing" time="14.366" errors="0" timestamp="2024-04-11T22:08:22 IST" skipped="0">
  <testcase classname="comm.automation.demoproject.testing" name="Test2" time="3.108"/>
  <system-out/>
  <testcase classname="comm.automation.demoproject.testing" name="Test3" time="5.445"/>
  <system-out/>
  <testcase classname="comm.automation.demoproject.testing" name="Test1" time="5.813"/>
  <system-out/>
</testsuite> <!-- comm.automation.demoproject.testing -->
