<?xml version="1.0" encoding="UTF-8"?>
<!-- Generated by org.testng.reporters.JUnitReportReporter -->
<testsuite hostname="LAPTOP-431553IG" failures="0" tests="3" name="comm.automation.demoproject.testing" time="13.411" errors="0" timestamp="2024-04-11T22:23:40 IST" skipped="0">
  <testcase classname="comm.automation.demoproject.testing" name="Test1" time="7.838"/>
  <system-out/>
  <testcase classname="comm.automation.demoproject.testing" name="Test2" time="3.043"/>
  <system-out/>
  <testcase classname="comm.automation.demoproject.testing" name="Test3" time="2.530"/>
  <system-out/>
</testsuite> <!-- comm.automation.demoproject.testing -->
